c:\users\forev\onedrive\desktop\practica0-ig\practica1-ig\practica1-ig\proyectosig_x64_vs2019_fg\ig1app\x64\debug\vc142.pdb
c:\users\forev\onedrive\desktop\practica0-ig\practica1-ig\practica1-ig\proyectosig_x64_vs2019_fg\ig1app\x64\debug\vc142.idb
c:\users\forev\onedrive\desktop\practica0-ig\practica1-ig\practica1-ig\proyectosig_x64_vs2019_fg\ig1app\x64\debug\viewport.obj
c:\users\forev\onedrive\desktop\practica0-ig\practica1-ig\practica1-ig\proyectosig_x64_vs2019_fg\ig1app\x64\debug\texture.obj
c:\users\forev\onedrive\desktop\practica0-ig\practica1-ig\practica1-ig\proyectosig_x64_vs2019_fg\ig1app\x64\debug\scene.obj
c:\users\forev\onedrive\desktop\practica0-ig\practica1-ig\practica1-ig\proyectosig_x64_vs2019_fg\ig1app\x64\debug\pixmap32rgba.obj
c:\users\forev\onedrive\desktop\practica0-ig\practica1-ig\practica1-ig\proyectosig_x64_vs2019_fg\ig1app\x64\debug\mesh.obj
c:\users\forev\onedrive\desktop\practica0-ig\practica1-ig\practica1-ig\proyectosig_x64_vs2019_fg\ig1app\x64\debug\main.obj
c:\users\forev\onedrive\desktop\practica0-ig\practica1-ig\practica1-ig\proyectosig_x64_vs2019_fg\ig1app\x64\debug\ig1app.obj
c:\users\forev\onedrive\desktop\practica0-ig\practica1-ig\practica1-ig\proyectosig_x64_vs2019_fg\ig1app\x64\debug\entity.obj
c:\users\forev\onedrive\desktop\practica0-ig\practica1-ig\practica1-ig\proyectosig_x64_vs2019_fg\ig1app\x64\debug\camera.obj
c:\users\forev\onedrive\desktop\practica0-ig\practica1-ig\practica1-ig\proyectosig_x64_vs2019_fg\ig1app\x64\debug\fondo.obj
c:\users\forev\onedrive\desktop\practica0-ig\practica1-ig\practica1-ig\proyectosig_x64_vs2019_fg\bin\ig1appdebug.pdb
c:\users\forev\onedrive\desktop\practica0-ig\practica1-ig\practica1-ig\proyectosig_x64_vs2019_fg\ig1app\x64\debug\ig1app.tlog\cl.command.1.tlog
c:\users\forev\onedrive\desktop\practica0-ig\practica1-ig\practica1-ig\proyectosig_x64_vs2019_fg\ig1app\x64\debug\ig1app.tlog\cl.read.1.tlog
c:\users\forev\onedrive\desktop\practica0-ig\practica1-ig\practica1-ig\proyectosig_x64_vs2019_fg\ig1app\x64\debug\ig1app.tlog\cl.write.1.tlog
c:\users\forev\onedrive\desktop\practica0-ig\practica1-ig\practica1-ig\proyectosig_x64_vs2019_fg\ig1app\x64\debug\ig1app.tlog\link.3920-cvtres.read.1.tlog
c:\users\forev\onedrive\desktop\practica0-ig\practica1-ig\practica1-ig\proyectosig_x64_vs2019_fg\ig1app\x64\debug\ig1app.tlog\link.3920-cvtres.write.1.tlog
c:\users\forev\onedrive\desktop\practica0-ig\practica1-ig\practica1-ig\proyectosig_x64_vs2019_fg\ig1app\x64\debug\ig1app.tlog\link.3920-rc.read.1.tlog
c:\users\forev\onedrive\desktop\practica0-ig\practica1-ig\practica1-ig\proyectosig_x64_vs2019_fg\ig1app\x64\debug\ig1app.tlog\link.3920-rc.write.1.tlog
c:\users\forev\onedrive\desktop\practica0-ig\practica1-ig\practica1-ig\proyectosig_x64_vs2019_fg\ig1app\x64\debug\ig1app.tlog\link.3920.read.1.tlog
c:\users\forev\onedrive\desktop\practica0-ig\practica1-ig\practica1-ig\proyectosig_x64_vs2019_fg\ig1app\x64\debug\ig1app.tlog\link.3920.write.1.tlog
c:\users\forev\onedrive\desktop\practica0-ig\practica1-ig\practica1-ig\proyectosig_x64_vs2019_fg\ig1app\x64\debug\ig1app.tlog\link.command.1.tlog
c:\users\forev\onedrive\desktop\practica0-ig\practica1-ig\practica1-ig\proyectosig_x64_vs2019_fg\ig1app\x64\debug\ig1app.tlog\link.read.1.tlog
c:\users\forev\onedrive\desktop\practica0-ig\practica1-ig\practica1-ig\proyectosig_x64_vs2019_fg\ig1app\x64\debug\ig1app.tlog\link.write.1.tlog
