  Camera.cpp
  Entity.cpp
  IG1App.cpp
C:\Users\forev\OneDrive\Desktop\Practica0-IG\Practica1-IG\ProyectosIG_x64_VS2019_FG\IG1App\Camera.h(57,15): error C3861:  'frustum': no se encontró el identificador
  main.cpp
C:\Users\forev\OneDrive\Desktop\Practica0-IG\Practica1-IG\ProyectosIG_x64_VS2019_FG\IG1App\Camera.h(57,15): error C3861:  'frustum': no se encontró el identificador
  Mesh.cpp
C:\Users\forev\OneDrive\Desktop\Practica0-IG\Practica1-IG\ProyectosIG_x64_VS2019_FG\IG1App\Camera.h(57,15): error C3861:  'frustum': no se encontró el identificador
C:\Users\forev\OneDrive\Desktop\Practica0-IG\Practica1-IG\ProyectosIG_x64_VS2019_FG\IG1App\Mesh.cpp(79,20): warning C4018:  '<': no coinciden signed/unsigned
C:\Users\forev\OneDrive\Desktop\Practica0-IG\Practica1-IG\ProyectosIG_x64_VS2019_FG\IG1App\Mesh.cpp(114,20): warning C4018:  '<': no coinciden signed/unsigned
C:\Users\forev\OneDrive\Desktop\Practica0-IG\Practica1-IG\ProyectosIG_x64_VS2019_FG\IG1App\Mesh.cpp(120,20): warning C4018:  '<': no coinciden signed/unsigned
C:\Users\forev\OneDrive\Desktop\Practica0-IG\Practica1-IG\ProyectosIG_x64_VS2019_FG\IG1App\Mesh.cpp(178,20): warning C4018:  '<': no coinciden signed/unsigned
C:\Users\forev\OneDrive\Desktop\Practica0-IG\Practica1-IG\ProyectosIG_x64_VS2019_FG\IG1App\Mesh.cpp(198,21): warning C4018:  '<': no coinciden signed/unsigned
  Pixmap32RGBA.cpp
  Scene.cpp
C:\Users\forev\OneDrive\Desktop\Practica0-IG\Practica1-IG\ProyectosIG_x64_VS2019_FG\IG1App\Mesh.cpp(226,12): warning C4244:  'inicializando': conversión de 'GLdouble' a 'int'; posible pérdida de datos
  Texture.cpp
  Viewport.cpp
  Generando código...
C:\Users\forev\OneDrive\Desktop\Practica0-IG\Practica1-IG\ProyectosIG_x64_VS2019_FG\IG1App\Camera.h(57,15): error C3861:  'frustum': no se encontró el identificador
